<?xml version="1.0" encoding="UTF-8"?>
<!-- Generated by org.testng.reporters.JUnitXMLReporter -->
<testsuite ignored="0" hostname="DESKTOP-PCRDTAN" failures="0" tests="5" name="Cloud test Kevin" time="178.521" errors="0" timestamp="2020-05-22T19:47:17 IST">
  <testcase classname="com.appium.test.EmiCalculatorKevin" name="sampleTest" time="26.262"/>
  <testcase classname="com.appium.test.EmiCalculatorKevin" name="sampleTest" time="32.146"/>
  <testcase classname="com.appium.test.EmiCalculatorKevin" name="sampleTest" time="32.707"/>
  <testcase classname="com.appium.test.EmiCalculatorKevin" name="sampleTest" time="33.052"/>
  <testcase classname="com.appium.test.EmiCalculatorKevin" name="sampleTest" time="32.991"/>
</testsuite> <!-- Cloud test Kevin -->
