<?xml version="1.0" encoding="UTF-8"?>
<!-- Generated by org.testng.reporters.JUnitXMLReporter -->
<testsuite ignored="1" hostname="DESKTOP-PCRDTAN" failures="0" tests="1" name="Mohan real Device" time="183.745" errors="0" timestamp="2020-05-26T11:07:58 IST">
  <testcase classname="com.appium.test.wordweb_Mohan" name="Wordweb" time="27.389"/>
  <testcase classname="com.appium.test.wordweb_Mohan" name="WordwebWithoutDP" time="0.0">
    <ignored/>
  </testcase> <!-- WordwebWithoutDP -->
</testsuite> <!-- Mohan real Device -->
