<?xml version="1.0" encoding="UTF-8"?>
<!-- Generated by org.testng.reporters.JUnitXMLReporter -->
<testsuite ignored="0" hostname="DESKTOP-PCRDTAN" failures="1" tests="4" name="Mohan real Emulator" time="174.964" errors="0" timestamp="2020-05-22T19:50:38 IST">
  <testcase classname="com.appium.test.wordweb_Mohan" name="Wordweb" time="31.288"/>
  <testcase classname="com.appium.test.wordweb_Mohan" name="Wordweb" time="43.468">
    <failure type="org.openqa.selenium.NoSuchElementException" message="An element could not be located on the page using the given search parameters.
For documentation on this error, please visit: https://www.seleniumhq.org/exceptions/no_such_element.html
Build info: version: &amp;apos;3.141.59&amp;apos;, revision: &amp;apos;e82be7d358&amp;apos;, time: &amp;apos;2018-11-14T08:17:03&amp;apos;
System info: host: &amp;apos;DESKTOP-PCRDTAN&amp;apos;, ip: &amp;apos;192.168.238.1&amp;apos;, os.name: &amp;apos;Windows 10&amp;apos;, os.arch: &amp;apos;amd64&amp;apos;, os.version: &amp;apos;10.0&amp;apos;, java.version: &amp;apos;13&amp;apos;
Driver info: io.appium.java_client.android.AndroidDriver
Capabilities {appActivity: com.wordwebsoftware.android..., appPackage: com.wordwebsoftware.android..., databaseEnabled: false, desired: {appActivity: com.wordwebsoftware.android..., appPackage: com.wordwebsoftware.android..., deviceName: Samsung, platformName: android, platformVersion: 10, resetKeyboard: true, udid: RZ8M90DTVRN, unicodeKeyboard: true}, deviceApiLevel: 29, deviceManufacturer: samsung, deviceModel: SM-M307F, deviceName: RZ8M90DTVRN, deviceScreenDensity: 420, deviceScreenSize: 1080x2340, deviceUDID: RZ8M90DTVRN, javascriptEnabled: true, locationContextEnabled: false, networkConnectionEnabled: true, pixelRatio: 2.625, platform: LINUX, platformName: Android, platformVersion: 10, resetKeyboard: true, statBarHeight: 78, takesScreenshot: true, udid: RZ8M90DTVRN, unicodeKeyboard: true, viewportRect: {height: 2179, left: 0, top: 78, width: 1080}, warnings: {}, webStorageEnabled: false}
Session ID: 349b23cb-ccac-4eaa-b412-7a29a1b95264
*** Element info: {Using=id, value=com.wordwebsoftware.android.wordweb:id/search_verb_button}">
      <![CDATA[org.openqa.selenium.NoSuchElementException: An element could not be located on the page using the given search parameters.
For documentation on this error, please visit: https://www.seleniumhq.org/exceptions/no_such_element.html
Build info: version: '3.141.59', revision: 'e82be7d358', time: '2018-11-14T08:17:03'
System info: host: 'DESKTOP-PCRDTAN', ip: '192.168.238.1', os.name: 'Windows 10', os.arch: 'amd64', os.version: '10.0', java.version: '13'
Driver info: io.appium.java_client.android.AndroidDriver
Capabilities {appActivity: com.wordwebsoftware.android..., appPackage: com.wordwebsoftware.android..., databaseEnabled: false, desired: {appActivity: com.wordwebsoftware.android..., appPackage: com.wordwebsoftware.android..., deviceName: Samsung, platformName: android, platformVersion: 10, resetKeyboard: true, udid: RZ8M90DTVRN, unicodeKeyboard: true}, deviceApiLevel: 29, deviceManufacturer: samsung, deviceModel: SM-M307F, deviceName: RZ8M90DTVRN, deviceScreenDensity: 420, deviceScreenSize: 1080x2340, deviceUDID: RZ8M90DTVRN, javascriptEnabled: true, locationContextEnabled: false, networkConnectionEnabled: true, pixelRatio: 2.625, platform: LINUX, platformName: Android, platformVersion: 10, resetKeyboard: true, statBarHeight: 78, takesScreenshot: true, udid: RZ8M90DTVRN, unicodeKeyboard: true, viewportRect: {height: 2179, left: 0, top: 78, width: 1080}, warnings: {}, webStorageEnabled: false}
Session ID: 349b23cb-ccac-4eaa-b412-7a29a1b95264
*** Element info: {Using=id, value=com.wordwebsoftware.android.wordweb:id/search_verb_button}
at org.openqa.selenium.remote.http.W3CHttpResponseCodec.createException(W3CHttpResponseCodec.java:187)
at org.openqa.selenium.remote.http.W3CHttpResponseCodec.decode(W3CHttpResponseCodec.java:122)
at org.openqa.selenium.remote.http.W3CHttpResponseCodec.decode(W3CHttpResponseCodec.java:49)
at org.openqa.selenium.remote.HttpCommandExecutor.execute(HttpCommandExecutor.java:158)
at io.appium.java_client.remote.AppiumCommandExecutor.execute(AppiumCommandExecutor.java:239)
at org.openqa.selenium.remote.RemoteWebDriver.execute(RemoteWebDriver.java:552)
at io.appium.java_client.DefaultGenericMobileDriver.execute(DefaultGenericMobileDriver.java:41)
at io.appium.java_client.AppiumDriver.execute(AppiumDriver.java:1)
at io.appium.java_client.android.AndroidDriver.execute(AndroidDriver.java:1)
at org.openqa.selenium.remote.RemoteWebDriver.findElement(RemoteWebDriver.java:323)
at io.appium.java_client.DefaultGenericMobileDriver.findElement(DefaultGenericMobileDriver.java:61)
at io.appium.java_client.AppiumDriver.findElement(AppiumDriver.java:1)
at io.appium.java_client.android.AndroidDriver.findElement(AndroidDriver.java:1)
at org.openqa.selenium.remote.RemoteWebDriver.findElementById(RemoteWebDriver.java:372)
at io.appium.java_client.DefaultGenericMobileDriver.findElementById(DefaultGenericMobileDriver.java:69)
at io.appium.java_client.AppiumDriver.findElementById(AppiumDriver.java:1)
at io.appium.java_client.android.AndroidDriver.findElementById(AndroidDriver.java:1)
at org.openqa.selenium.By$ById.findElement(By.java:188)
at org.openqa.selenium.remote.RemoteWebDriver.findElement(RemoteWebDriver.java:315)
at io.appium.java_client.DefaultGenericMobileDriver.findElement(DefaultGenericMobileDriver.java:57)
at io.appium.java_client.AppiumDriver.findElement(AppiumDriver.java:1)
at io.appium.java_client.android.AndroidDriver.findElement(AndroidDriver.java:1)
at com.helper.UserActions.Click(UserActions.java:77)
at com.appium.test.wordweb_Mohan.Wordweb(wordweb_Mohan.java:140)
at java.base/java.util.ArrayList.forEach(ArrayList.java:1507)
... Removed 32 stack frames]]>
    </failure>
  </testcase> <!-- Wordweb -->
  <testcase classname="com.appium.test.wordweb_Mohan" name="Wordweb" time="19.21"/>
  <testcase classname="com.appium.test.wordweb_Mohan" name="Wordweb" time="24.626"/>
</testsuite> <!-- Mohan real Emulator -->
