<?xml version="1.0" encoding="UTF-8"?>
<!-- Generated by org.testng.reporters.JUnitXMLReporter -->
<testsuite ignored="1" hostname="DESKTOP-PCRDTAN" failures="0" tests="12" name="Mohan  Emulator" time="192.435" errors="0" timestamp="2020-05-28T21:27:39 IST">
  <testcase classname="com.appium.test.wordweb_Mohan" name="bookMarkwords" time="27.184"/>
  <testcase classname="com.appium.test.wordweb_Mohan" name="bookMarkwords" time="12.361"/>
  <testcase classname="com.appium.test.wordweb_Mohan" name="bookMarkwords" time="9.767"/>
  <testcase classname="com.appium.test.wordweb_Mohan" name="bookMarkwords" time="9.221"/>
  <testcase classname="com.appium.test.wordweb_Mohan" name="removeBookmark" time="6.35"/>
  <testcase classname="com.appium.test.wordweb_Mohan" name="removeBookmark" time="10.42"/>
  <testcase classname="com.appium.test.wordweb_Mohan" name="removeBookmark" time="7.63"/>
  <testcase classname="com.appium.test.wordweb_Mohan" name="removeBookmark" time="9.418"/>
  <testcase classname="com.appium.test.wordweb_Mohan" name="SeatchWithType" time="10.68"/>
  <testcase classname="com.appium.test.wordweb_Mohan" name="SeatchWithType" time="10.962"/>
  <testcase classname="com.appium.test.wordweb_Mohan" name="SeatchWithType" time="10.777"/>
  <testcase classname="com.appium.test.wordweb_Mohan" name="SeatchWithType" time="11.025"/>
  <testcase classname="com.appium.test.wordweb_Mohan" name="WordwebWithoutDP" time="0.0">
    <ignored/>
  </testcase> <!-- WordwebWithoutDP -->
</testsuite> <!-- Mohan  Emulator -->
