<?xml version="1.0" encoding="UTF-8"?>
<!-- Generated by org.testng.reporters.JUnitXMLReporter -->
<testsuite ignored="1" hostname="DESKTOP-PCRDTAN" failures="0" tests="4" name="Mohan  Emulator" time="168.483" errors="0" timestamp="2020-05-26T16:33:54 IST">
  <testcase classname="com.appium.test.wordweb_Mohan" name="Wordweb" time="47.581"/>
  <testcase classname="com.appium.test.wordweb_Mohan" name="Wordweb" time="25.083"/>
  <testcase classname="com.appium.test.wordweb_Mohan" name="Wordweb" time="24.982"/>
  <testcase classname="com.appium.test.wordweb_Mohan" name="Wordweb" time="25.412"/>
  <testcase classname="com.appium.test.wordweb_Mohan" name="WordwebWithoutDP" time="0.0">
    <ignored/>
  </testcase> <!-- WordwebWithoutDP -->
</testsuite> <!-- Mohan  Emulator -->
