<?xml version="1.0" encoding="UTF-8"?>
<!-- Generated by org.testng.reporters.JUnitXMLReporter -->
<testsuite ignored="1" hostname="DESKTOP-PCRDTAN" failures="0" tests="12" name="Mohan  RealDevice" time="210.205" errors="0" timestamp="2020-05-28T21:31:10 IST">
  <testcase classname="com.appium.test.wordweb_Mohan" name="bookMarkwords" time="10.45"/>
  <testcase classname="com.appium.test.wordweb_Mohan" name="bookMarkwords" time="17.397"/>
  <testcase classname="com.appium.test.wordweb_Mohan" name="bookMarkwords" time="9.501"/>
  <testcase classname="com.appium.test.wordweb_Mohan" name="bookMarkwords" time="12.238"/>
  <testcase classname="com.appium.test.wordweb_Mohan" name="removeBookmark" time="7.047"/>
  <testcase classname="com.appium.test.wordweb_Mohan" name="removeBookmark" time="14.564"/>
  <testcase classname="com.appium.test.wordweb_Mohan" name="removeBookmark" time="8.38"/>
  <testcase classname="com.appium.test.wordweb_Mohan" name="removeBookmark" time="11.281"/>
  <testcase classname="com.appium.test.wordweb_Mohan" name="SeatchWithType" time="12.461"/>
  <testcase classname="com.appium.test.wordweb_Mohan" name="SeatchWithType" time="10.175"/>
  <testcase classname="com.appium.test.wordweb_Mohan" name="SeatchWithType" time="10.299"/>
  <testcase classname="com.appium.test.wordweb_Mohan" name="SeatchWithType" time="19.691"/>
  <testcase classname="com.appium.test.wordweb_Mohan" name="WordwebWithoutDP" time="0.0">
    <ignored/>
  </testcase> <!-- WordwebWithoutDP -->
</testsuite> <!-- Mohan  RealDevice -->
