<?xml version="1.0" encoding="UTF-8"?>
<!-- Generated by org.testng.reporters.JUnitXMLReporter -->
<testsuite ignored="1" hostname="DESKTOP-PCRDTAN" failures="0" tests="4" name="Mohan  Cloud" time="23.811" errors="0" timestamp="2020-05-26T16:34:18 IST">
  <testcase classname="com.appium.test.wordweb_Mohan" name="Wordweb" time="0.0">
    <skipped/>
  </testcase> <!-- Wordweb -->
  <testcase classname="com.appium.test.wordweb_Mohan" name="Wordweb" time="0.0">
    <skipped/>
  </testcase> <!-- Wordweb -->
  <testcase classname="com.appium.test.wordweb_Mohan" name="Wordweb" time="0.0">
    <skipped/>
  </testcase> <!-- Wordweb -->
  <testcase classname="com.appium.test.wordweb_Mohan" name="Wordweb" time="0.0">
    <skipped/>
  </testcase> <!-- Wordweb -->
  <testcase classname="com.appium.test.wordweb_Mohan" name="WordwebWithoutDP" time="0.0">
    <ignored/>
  </testcase> <!-- WordwebWithoutDP -->
</testsuite> <!-- Mohan  Cloud -->
