<?xml version="1.0" encoding="UTF-8"?>
<!-- Generated by org.testng.reporters.JUnitXMLReporter -->
<testsuite ignored="1" hostname="DESKTOP-PCRDTAN" failures="0" tests="4" name="Mohan  realDevice" time="183.881" errors="0" timestamp="2020-05-26T19:01:59 IST">
  <testcase classname="com.appium.test.wordweb_Mohan" name="Wordweb" time="29.87"/>
  <testcase classname="com.appium.test.wordweb_Mohan" name="Wordweb" time="34.498"/>
  <testcase classname="com.appium.test.wordweb_Mohan" name="Wordweb" time="32.378"/>
  <testcase classname="com.appium.test.wordweb_Mohan" name="Wordweb" time="36.251"/>
  <testcase classname="com.appium.test.wordweb_Mohan" name="WordwebWithoutDP" time="0.0">
    <ignored/>
  </testcase> <!-- WordwebWithoutDP -->
</testsuite> <!-- Mohan  realDevice -->
