<?xml version="1.0" encoding="UTF-8"?>
<!-- Generated by org.testng.reporters.JUnitXMLReporter -->
<testsuite ignored="0" hostname="DESKTOP-PCRDTAN" failures="0" tests="4" name="Swetha Emulator device" time="208.105" errors="0" timestamp="2020-05-22T19:54:07 IST">
  <testcase classname="com.appium.test.SwethaTasty" name="sampleTest" time="43.605"/>
  <testcase classname="com.appium.test.SwethaTasty" name="sampleTest" time="21.249"/>
  <testcase classname="com.appium.test.SwethaTasty" name="sampleTest" time="24.108"/>
  <testcase classname="com.appium.test.SwethaTasty" name="sampleTest" time="22.854"/>
</testsuite> <!-- Swetha Emulator device -->
