<?xml version="1.0" encoding="UTF-8"?>
<testng-results ignored="2" total="10" passed="7" failed="1" skipped="0">
  <reporter-output>
  </reporter-output>
  <suite started-at="2020-05-27T18:16:37 IST" name="Suite" finished-at="2020-05-27T18:23:19 IST" duration-ms="402085">
    <groups>
    </groups>
    <test started-at="2020-05-27T18:16:37 IST" name="Mohan  Emulator" finished-at="2020-05-27T18:19:35 IST" duration-ms="177243">
      <class name="com.appium.test.wordweb_Mohan">
        <test-method is-config="true" signature="setUp(java.lang.String)[pri:0, instance:com.appium.test.wordweb_Mohan@5c90e579]" started-at="2020-05-27T18:16:37 IST" name="setUp" finished-at="2020-05-27T18:17:26 IST" duration-ms="48813" status="PASS">
          <params>
            <param index="0">
              <value>
                <![CDATA[Emulator_Device]]>
              </value>
            </param>
          </params>
          <reporter-output>
          </reporter-output>
        </test-method> <!-- setUp -->
        <test-method is-config="true" signature="loadDatabase()[pri:0, instance:com.appium.test.wordweb_Mohan@5c90e579]" started-at="2020-05-27T18:17:26 IST" name="loadDatabase" finished-at="2020-05-27T18:17:27 IST" duration-ms="675" status="PASS">
          <reporter-output>
          </reporter-output>
        </test-method> <!-- loadDatabase -->
        <test-method signature="Wordweb(java.lang.String, java.lang.String)[pri:0, instance:com.appium.test.wordweb_Mohan@5c90e579]" started-at="2020-05-27T18:17:31 IST" name="Wordweb" data-provider="dp" finished-at="2020-05-27T18:18:03 IST" duration-ms="32122" status="FAIL">
          <params>
            <param index="0">
              <value>
                <![CDATA[mistakenly]]>
              </value>
            </param>
            <param index="1">
              <value>
                <![CDATA[3]]>
              </value>
            </param>
          </params>
          <exception class="org.openqa.selenium.NoSuchElementException">
            <message>
              <![CDATA[An element could not be located on the page using the given search parameters.
For documentation on this error, please visit: https://www.seleniumhq.org/exceptions/no_such_element.html
Build info: version: '3.141.59', revision: 'e82be7d358', time: '2018-11-14T08:17:03'
System info: host: 'DESKTOP-PCRDTAN', ip: '192.168.238.1', os.name: 'Windows 10', os.arch: 'amd64', os.version: '10.0', java.version: '13'
Driver info: io.appium.java_client.android.AndroidDriver
Capabilities {appActivity: com.wordwebsoftware.android..., appPackage: com.wordwebsoftware.android..., databaseEnabled: false, desired: {appActivity: com.wordwebsoftware.android..., appPackage: com.wordwebsoftware.android..., deviceName: Emulator, platformName: android, platformVersion: 9, resetKeyboard: true, udid: emulator-5554, unicodeKeyboard: true}, deviceApiLevel: 29, deviceManufacturer: Google, deviceModel: sdk_gphone_x86, deviceName: emulator-5554, deviceScreenDensity: 440, deviceScreenSize: 1080x2160, deviceUDID: emulator-5554, javascriptEnabled: true, locationContextEnabled: false, networkConnectionEnabled: true, pixelRatio: 2.75, platform: LINUX, platformName: Android, platformVersion: 10, resetKeyboard: true, statBarHeight: 66, takesScreenshot: true, udid: emulator-5554, unicodeKeyboard: true, viewportRect: {height: 1962, left: 0, top: 66, width: 1080}, warnings: {}, webStorageEnabled: false}
Session ID: 08dadb66-5d01-4f45-8291-27332f75e3cc
*** Element info: {Using=id, value=com.wordwebsoftware.android.wordweb:id/search_src_text}]]>
            </message>
            <full-stacktrace>
              <![CDATA[org.openqa.selenium.NoSuchElementException: An element could not be located on the page using the given search parameters.
For documentation on this error, please visit: https://www.seleniumhq.org/exceptions/no_such_element.html
Build info: version: '3.141.59', revision: 'e82be7d358', time: '2018-11-14T08:17:03'
System info: host: 'DESKTOP-PCRDTAN', ip: '192.168.238.1', os.name: 'Windows 10', os.arch: 'amd64', os.version: '10.0', java.version: '13'
Driver info: io.appium.java_client.android.AndroidDriver
Capabilities {appActivity: com.wordwebsoftware.android..., appPackage: com.wordwebsoftware.android..., databaseEnabled: false, desired: {appActivity: com.wordwebsoftware.android..., appPackage: com.wordwebsoftware.android..., deviceName: Emulator, platformName: android, platformVersion: 9, resetKeyboard: true, udid: emulator-5554, unicodeKeyboard: true}, deviceApiLevel: 29, deviceManufacturer: Google, deviceModel: sdk_gphone_x86, deviceName: emulator-5554, deviceScreenDensity: 440, deviceScreenSize: 1080x2160, deviceUDID: emulator-5554, javascriptEnabled: true, locationContextEnabled: false, networkConnectionEnabled: true, pixelRatio: 2.75, platform: LINUX, platformName: Android, platformVersion: 10, resetKeyboard: true, statBarHeight: 66, takesScreenshot: true, udid: emulator-5554, unicodeKeyboard: true, viewportRect: {height: 1962, left: 0, top: 66, width: 1080}, warnings: {}, webStorageEnabled: false}
Session ID: 08dadb66-5d01-4f45-8291-27332f75e3cc
*** Element info: {Using=id, value=com.wordwebsoftware.android.wordweb:id/search_src_text}
at java.base/jdk.internal.reflect.NativeConstructorAccessorImpl.newInstance0(Native Method)
at java.base/jdk.internal.reflect.NativeConstructorAccessorImpl.newInstance(NativeConstructorAccessorImpl.java:62)
at java.base/jdk.internal.reflect.DelegatingConstructorAccessorImpl.newInstance(DelegatingConstructorAccessorImpl.java:45)
at java.base/java.lang.reflect.Constructor.newInstanceWithCaller(Constructor.java:500)
at java.base/java.lang.reflect.Constructor.newInstance(Constructor.java:481)
at org.openqa.selenium.remote.http.W3CHttpResponseCodec.createException(W3CHttpResponseCodec.java:187)
at org.openqa.selenium.remote.http.W3CHttpResponseCodec.decode(W3CHttpResponseCodec.java:122)
at org.openqa.selenium.remote.http.W3CHttpResponseCodec.decode(W3CHttpResponseCodec.java:49)
at org.openqa.selenium.remote.HttpCommandExecutor.execute(HttpCommandExecutor.java:158)
at io.appium.java_client.remote.AppiumCommandExecutor.execute(AppiumCommandExecutor.java:239)
at org.openqa.selenium.remote.RemoteWebDriver.execute(RemoteWebDriver.java:552)
at io.appium.java_client.DefaultGenericMobileDriver.execute(DefaultGenericMobileDriver.java:41)
at io.appium.java_client.AppiumDriver.execute(AppiumDriver.java:1)
at io.appium.java_client.android.AndroidDriver.execute(AndroidDriver.java:1)
at org.openqa.selenium.remote.RemoteWebDriver.findElement(RemoteWebDriver.java:323)
at io.appium.java_client.DefaultGenericMobileDriver.findElement(DefaultGenericMobileDriver.java:61)
at io.appium.java_client.AppiumDriver.findElement(AppiumDriver.java:1)
at io.appium.java_client.android.AndroidDriver.findElement(AndroidDriver.java:1)
at org.openqa.selenium.remote.RemoteWebDriver.findElementById(RemoteWebDriver.java:372)
at io.appium.java_client.DefaultGenericMobileDriver.findElementById(DefaultGenericMobileDriver.java:69)
at io.appium.java_client.AppiumDriver.findElementById(AppiumDriver.java:1)
at io.appium.java_client.android.AndroidDriver.findElementById(AndroidDriver.java:1)
at org.openqa.selenium.By$ById.findElement(By.java:188)
at org.openqa.selenium.remote.RemoteWebDriver.findElement(RemoteWebDriver.java:315)
at io.appium.java_client.DefaultGenericMobileDriver.findElement(DefaultGenericMobileDriver.java:57)
at io.appium.java_client.AppiumDriver.findElement(AppiumDriver.java:1)
at io.appium.java_client.android.AndroidDriver.findElement(AndroidDriver.java:1)
at com.helper.UserActions.ClearAndSendKeys(UserActions.java:88)
at com.appium.test.wordweb_Mohan.Wordweb(wordweb_Mohan.java:146)
at java.base/jdk.internal.reflect.NativeMethodAccessorImpl.invoke0(Native Method)
at java.base/jdk.internal.reflect.NativeMethodAccessorImpl.invoke(NativeMethodAccessorImpl.java:62)
at java.base/jdk.internal.reflect.DelegatingMethodAccessorImpl.invoke(DelegatingMethodAccessorImpl.java:43)
at java.base/java.lang.reflect.Method.invoke(Method.java:567)
at org.testng.internal.MethodInvocationHelper.invokeMethod(MethodInvocationHelper.java:135)
at org.testng.internal.TestInvoker.invokeMethod(TestInvoker.java:598)
at org.testng.internal.TestInvoker.invokeTestMethod(TestInvoker.java:174)
at org.testng.internal.MethodRunner.runInSequence(MethodRunner.java:46)
at org.testng.internal.TestInvoker$MethodInvocationAgent.invoke(TestInvoker.java:821)
at org.testng.internal.TestInvoker.invokeTestMethods(TestInvoker.java:147)
at org.testng.internal.TestMethodWorker.invokeTestMethods(TestMethodWorker.java:146)
at org.testng.internal.TestMethodWorker.run(TestMethodWorker.java:128)
at java.base/java.util.ArrayList.forEach(ArrayList.java:1507)
at org.testng.TestRunner.privateRun(TestRunner.java:767)
at org.testng.TestRunner.run(TestRunner.java:588)
at org.testng.SuiteRunner.runTest(SuiteRunner.java:384)
at org.testng.SuiteRunner.runSequentially(SuiteRunner.java:378)
at org.testng.SuiteRunner.privateRun(SuiteRunner.java:337)
at org.testng.SuiteRunner.run(SuiteRunner.java:286)
at org.testng.SuiteRunnerWorker.runSuite(SuiteRunnerWorker.java:53)
at org.testng.SuiteRunnerWorker.run(SuiteRunnerWorker.java:96)
at org.testng.TestNG.runSuitesSequentially(TestNG.java:1214)
at org.testng.TestNG.runSuitesLocally(TestNG.java:1136)
at org.testng.TestNG.runSuites(TestNG.java:1066)
at org.testng.TestNG.run(TestNG.java:1034)
at org.testng.remote.AbstractRemoteTestNG.run(AbstractRemoteTestNG.java:115)
at org.testng.remote.RemoteTestNG.initAndRun(RemoteTestNG.java:251)
at org.testng.remote.RemoteTestNG.main(RemoteTestNG.java:77)
]]>
            </full-stacktrace>
          </exception> <!-- org.openqa.selenium.NoSuchElementException -->
          <reporter-output>
          </reporter-output>
        </test-method> <!-- Wordweb -->
        <test-method signature="Wordweb(java.lang.String, java.lang.String)[pri:0, instance:com.appium.test.wordweb_Mohan@5c90e579]" started-at="2020-05-27T18:18:03 IST" name="Wordweb" data-provider="dp" finished-at="2020-05-27T18:18:44 IST" duration-ms="40610" status="PASS">
          <params>
            <param index="0">
              <value>
                <![CDATA[give]]>
              </value>
            </param>
            <param index="1">
              <value>
                <![CDATA[1]]>
              </value>
            </param>
          </params>
          <reporter-output>
          </reporter-output>
        </test-method> <!-- Wordweb -->
        <test-method signature="Wordweb(java.lang.String, java.lang.String)[pri:0, instance:com.appium.test.wordweb_Mohan@5c90e579]" started-at="2020-05-27T18:18:44 IST" name="Wordweb" data-provider="dp" finished-at="2020-05-27T18:19:08 IST" duration-ms="23890" status="PASS">
          <params>
            <param index="0">
              <value>
                <![CDATA[staked]]>
              </value>
            </param>
            <param index="1">
              <value>
                <![CDATA[2]]>
              </value>
            </param>
          </params>
          <reporter-output>
          </reporter-output>
        </test-method> <!-- Wordweb -->
        <test-method signature="Wordweb(java.lang.String, java.lang.String)[pri:0, instance:com.appium.test.wordweb_Mohan@5c90e579]" started-at="2020-05-27T18:19:08 IST" name="Wordweb" data-provider="dp" finished-at="2020-05-27T18:19:31 IST" duration-ms="23756" status="PASS">
          <params>
            <param index="0">
              <value>
                <![CDATA[takeout]]>
              </value>
            </param>
            <param index="1">
              <value>
                <![CDATA[4]]>
              </value>
            </param>
          </params>
          <reporter-output>
          </reporter-output>
        </test-method> <!-- Wordweb -->
        <test-method is-config="true" signature="exit()[pri:0, instance:com.appium.test.wordweb_Mohan@5c90e579]" started-at="2020-05-27T18:19:31 IST" name="exit" finished-at="2020-05-27T18:19:33 IST" duration-ms="1127" status="PASS">
          <reporter-output>
          </reporter-output>
        </test-method> <!-- exit -->
        <test-method is-config="true" signature="afterTest()[pri:0, instance:com.appium.test.wordweb_Mohan@5c90e579]" started-at="2020-05-27T18:19:33 IST" name="afterTest" finished-at="2020-05-27T18:19:35 IST" duration-ms="2008" status="PASS">
          <reporter-output>
          </reporter-output>
        </test-method> <!-- afterTest -->
      </class> <!-- com.appium.test.wordweb_Mohan -->
    </test> <!-- Mohan  Emulator -->
    <test started-at="2020-05-27T18:19:35 IST" name="Mohan  RealDevice" finished-at="2020-05-27T18:23:19 IST" duration-ms="223886">
      <class name="com.appium.test.wordweb_Mohan">
        <test-method is-config="true" signature="beforeSuite()[pri:0, instance:com.appium.test.wordweb_Mohan@3f56875e]" started-at="2020-05-27T18:16:37 IST" name="beforeSuite" finished-at="2020-05-27T18:16:37 IST" duration-ms="9" status="PASS">
          <reporter-output>
          </reporter-output>
        </test-method> <!-- beforeSuite -->
        <test-method is-config="true" signature="setUp(java.lang.String)[pri:0, instance:com.appium.test.wordweb_Mohan@3f56875e]" started-at="2020-05-27T18:19:35 IST" name="setUp" finished-at="2020-05-27T18:20:40 IST" duration-ms="64343" status="PASS">
          <params>
            <param index="0">
              <value>
                <![CDATA[Real_Device]]>
              </value>
            </param>
          </params>
          <reporter-output>
          </reporter-output>
        </test-method> <!-- setUp -->
        <test-method is-config="true" signature="loadDatabase()[pri:0, instance:com.appium.test.wordweb_Mohan@3f56875e]" started-at="2020-05-27T18:20:40 IST" name="loadDatabase" finished-at="2020-05-27T18:20:41 IST" duration-ms="1593" status="PASS">
          <reporter-output>
          </reporter-output>
        </test-method> <!-- loadDatabase -->
        <test-method signature="Wordweb(java.lang.String, java.lang.String)[pri:0, instance:com.appium.test.wordweb_Mohan@3f56875e]" started-at="2020-05-27T18:20:45 IST" name="Wordweb" data-provider="dp" finished-at="2020-05-27T18:21:36 IST" duration-ms="51459" status="PASS">
          <params>
            <param index="0">
              <value>
                <![CDATA[mistakenly]]>
              </value>
            </param>
            <param index="1">
              <value>
                <![CDATA[3]]>
              </value>
            </param>
          </params>
          <reporter-output>
          </reporter-output>
        </test-method> <!-- Wordweb -->
        <test-method signature="Wordweb(java.lang.String, java.lang.String)[pri:0, instance:com.appium.test.wordweb_Mohan@3f56875e]" started-at="2020-05-27T18:21:36 IST" name="Wordweb" data-provider="dp" finished-at="2020-05-27T18:22:29 IST" duration-ms="53104" status="PASS">
          <params>
            <param index="0">
              <value>
                <![CDATA[give]]>
              </value>
            </param>
            <param index="1">
              <value>
                <![CDATA[1]]>
              </value>
            </param>
          </params>
          <reporter-output>
          </reporter-output>
        </test-method> <!-- Wordweb -->
        <test-method signature="Wordweb(java.lang.String, java.lang.String)[pri:0, instance:com.appium.test.wordweb_Mohan@3f56875e]" started-at="2020-05-27T18:22:29 IST" name="Wordweb" data-provider="dp" finished-at="2020-05-27T18:22:51 IST" duration-ms="22185" status="PASS">
          <params>
            <param index="0">
              <value>
                <![CDATA[staked]]>
              </value>
            </param>
            <param index="1">
              <value>
                <![CDATA[2]]>
              </value>
            </param>
          </params>
          <reporter-output>
          </reporter-output>
        </test-method> <!-- Wordweb -->
        <test-method signature="Wordweb(java.lang.String, java.lang.String)[pri:0, instance:com.appium.test.wordweb_Mohan@3f56875e]" started-at="2020-05-27T18:22:51 IST" name="Wordweb" data-provider="dp" finished-at="2020-05-27T18:23:18 IST" duration-ms="26251" status="PASS">
          <params>
            <param index="0">
              <value>
                <![CDATA[takeout]]>
              </value>
            </param>
            <param index="1">
              <value>
                <![CDATA[4]]>
              </value>
            </param>
          </params>
          <reporter-output>
          </reporter-output>
        </test-method> <!-- Wordweb -->
        <test-method is-config="true" signature="exit()[pri:0, instance:com.appium.test.wordweb_Mohan@3f56875e]" started-at="2020-05-27T18:23:18 IST" name="exit" finished-at="2020-05-27T18:23:18 IST" duration-ms="763" status="PASS">
          <reporter-output>
          </reporter-output>
        </test-method> <!-- exit -->
        <test-method is-config="true" signature="afterTest()[pri:0, instance:com.appium.test.wordweb_Mohan@3f56875e]" started-at="2020-05-27T18:23:18 IST" name="afterTest" finished-at="2020-05-27T18:23:19 IST" duration-ms="1044" status="PASS">
          <reporter-output>
          </reporter-output>
        </test-method> <!-- afterTest -->
        <test-method is-config="true" signature="afterSuit()[pri:0, instance:com.appium.test.wordweb_Mohan@3f56875e]" started-at="2020-05-27T18:23:20 IST" name="afterSuit" finished-at="2020-05-27T18:23:20 IST" duration-ms="0" status="PASS">
          <reporter-output>
          </reporter-output>
        </test-method> <!-- afterSuit -->
      </class> <!-- com.appium.test.wordweb_Mohan -->
    </test> <!-- Mohan  RealDevice -->
  </suite> <!-- Suite -->
</testng-results>
